<?xml version="1.0" encoding="UTF-8"?>
<!-- Generated by org.testng.reporters.JUnitReportReporter -->
<testsuite skipped="0" hostname="adi" name="CreateBooking" tests="1" failures="0" timestamp="07 Mar 2021 14:05:11 GMT" time="4.166" errors="0">
  <testcase name="createNewBooking" time="4.166" classname="CreateBooking"/>
</testsuite> <!-- CreateBooking -->
